<?xml version="1.0" encoding="UTF-8"?>
<!-- Generated by org.testng.reporters.JUnitReportReporter -->
<testsuite hostname="L-00008" name="TestSuite.CheckoutSuite.FW1242" tests="1" failures="0" timestamp="1 Dec 2016 22:05:27 GMT" time="22.359" errors="0">
  <testcase name="testRegistrationONConfirmPage" time="22.359" classname="TestSuite.CheckoutSuite.FW1242"/>
</testsuite> <!-- TestSuite.CheckoutSuite.FW1242 -->
