<?xml version="1.0" encoding="UTF-8"?>
<!-- Generated by org.testng.reporters.JUnitReportReporter -->
<testsuite hostname="L-00008" name="TestSuite.CheckoutSuite.FW1230" tests="1" failures="0" timestamp="1 Dec 2016 00:09:24 GMT" time="48.023" errors="0">
  <testcase name="testAddNewCCForOrder" time="48.023" classname="TestSuite.CheckoutSuite.FW1230"/>
</testsuite> <!-- TestSuite.CheckoutSuite.FW1230 -->
