<?xml version="1.0" encoding="UTF-8"?>
<!-- Generated by org.testng.reporters.JUnitReportReporter -->
<testsuite hostname="L-00008" name="HMC.TestModifyProductQuantity" tests="1" failures="0" timestamp="24 Nov 2016 00:15:44 GMT" time="38.323" errors="0">
  <testcase name="testModifyProductQuantity" time="38.323" classname="HMC.TestModifyProductQuantity"/>
</testsuite> <!-- HMC.TestModifyProductQuantity -->
