<?xml version="1.0" encoding="UTF-8"?>
<!-- Generated by org.testng.reporters.JUnitReportReporter -->
<testsuite hostname="L-00008" name="HMC.TestNavToHMCHomePage" tests="1" failures="0" timestamp="24 Nov 2016 00:15:44 GMT" time="8.958" errors="0">
  <testcase name="testSignInWithCorrectInfo" time="8.958" classname="HMC.TestNavToHMCHomePage"/>
</testsuite> <!-- HMC.TestNavToHMCHomePage -->
