<?xml version="1.0" encoding="UTF-8"?>
<!-- Generated by org.testng.reporters.JUnitReportReporter -->
<testsuite hostname="L-00008" name="HMC.TestCheckOrder" tests="1" failures="0" timestamp="24 Nov 2016 00:15:44 GMT" time="11.616" errors="0">
  <testcase name="testCheckOrder" time="11.616" classname="HMC.TestCheckOrder"/>
</testsuite> <!-- HMC.TestCheckOrder -->
