<?xml version="1.0" encoding="UTF-8"?>
<!-- Generated by org.testng.reporters.JUnitReportReporter -->
<testsuite hostname="L-00008" name="TestSuite.CheckoutSuite.FW2355" tests="1" failures="0" timestamp="14 Feb 2017 22:11:08 GMT" time="24.150" errors="0">
  <testcase name="testTaxEstimationNoTaxes" time="24.150" classname="TestSuite.CheckoutSuite.FW2355"/>
</testsuite> <!-- TestSuite.CheckoutSuite.FW2355 -->
