<?xml version="1.0" encoding="UTF-8"?>
<!-- Generated by org.testng.reporters.JUnitReportReporter -->
<testsuite hostname="L-00008" name="TestSuite.CheckoutSuite.FW1883" tests="1" failures="0" timestamp="27 Feb 2017 18:08:28 GMT" time="40.874" errors="0">
  <testcase name="AUandNZzipCodeValidation" time="40.874" classname="TestSuite.CheckoutSuite.FW1883"/>
</testsuite> <!-- TestSuite.CheckoutSuite.FW1883 -->
