<?xml version="1.0" encoding="UTF-8"?>
<!-- Generated by org.testng.reporters.JUnitReportReporter -->
<testsuite hostname="L-00008" name="TestSuite.CheckoutSuite.FW1227" tests="1" failures="0" timestamp="14 Feb 2017 21:52:23 GMT" time="37.439" errors="0">
  <testcase name="testVerifyPrimaryShippingAddressOnCheckOutPage" time="37.439" classname="TestSuite.CheckoutSuite.FW1227"/>
</testsuite> <!-- TestSuite.CheckoutSuite.FW1227 -->
