<?xml version="1.0" encoding="UTF-8"?>
<!-- Generated by org.testng.reporters.JUnitReportReporter -->
<testsuite hostname="L-00008" name="TestSuite.CheckoutSuite.FW1224" tests="1" failures="0" timestamp="13 Dec 2016 23:30:07 GMT" time="53.449" errors="0">
  <testcase name="testEnterShippingAddressLoggedInUser" time="53.449" classname="TestSuite.CheckoutSuite.FW1224"/>
</testsuite> <!-- TestSuite.CheckoutSuite.FW1224 -->
