<?xml version="1.0" encoding="UTF-8"?>
<!-- Generated by org.testng.reporters.JUnitReportReporter -->
<testsuite hostname="L-00008" name="TestSuite.CheckoutSuite.FW1231" tests="1" failures="0" timestamp="14 Feb 2017 22:02:29 GMT" time="85.068" errors="0">
  <testcase name="testConfirmationPageDisplay" time="85.068" classname="TestSuite.CheckoutSuite.FW1231"/>
</testsuite> <!-- TestSuite.CheckoutSuite.FW1231 -->
