<?xml version="1.0" encoding="UTF-8"?>
<!-- Generated by org.testng.reporters.JUnitReportReporter -->
<testsuite hostname="L-00008" name="TestSuite.CheckoutSuite.FW1226" tests="1" failures="0" timestamp="17 Feb 2017 18:43:16 GMT" time="19.905" errors="0">
  <testcase name="testReg_Discount_Final_Product" time="19.905" classname="TestSuite.CheckoutSuite.FW1226"/>
</testsuite> <!-- TestSuite.CheckoutSuite.FW1226 -->
