<?xml version="1.0" encoding="UTF-8"?>
<!-- Generated by org.testng.reporters.JUnitReportReporter -->
<testsuite hostname="L-00008" name="TestSuite.CheckoutSuite.FW1215" tests="1" failures="0" timestamp="14 Feb 2017 22:31:40 GMT" time="23.752" errors="0">
  <testcase name="checkEnterAddressVerification" time="23.752" classname="TestSuite.CheckoutSuite.FW1215"/>
</testsuite> <!-- TestSuite.CheckoutSuite.FW1215 -->
