<?xml version="1.0" encoding="UTF-8"?>
<!-- Generated by org.testng.reporters.JUnitReportReporter -->
<testsuite hostname="L-00008" name="TestSuite.CheckoutSuite.FW1238" tests="1" failures="0" timestamp="28 Nov 2016 23:41:00 GMT" time="50.044" errors="0">
  <testcase name="anonymousCheckOut" time="50.044" classname="TestSuite.CheckoutSuite.FW1238"/>
</testsuite> <!-- TestSuite.CheckoutSuite.FW1238 -->
