<?xml version="1.0" encoding="UTF-8"?>
<!-- Generated by org.testng.reporters.JUnitReportReporter -->
<testsuite hostname="L-00008" name="HMC.TestModifyProductQuantity" tests="1" failures="0" timestamp="7 Feb 2017 17:18:57 GMT" time="63.721" errors="0">
  <testcase name="testModifyProductQuantity" time="63.721" classname="HMC.TestModifyProductQuantity"/>
</testsuite> <!-- HMC.TestModifyProductQuantity -->
