<?xml version="1.0" encoding="UTF-8"?>
<!-- Generated by org.testng.reporters.JUnitReportReporter -->
<testsuite hostname="L-00008" name="TestSuite.CheckoutSuite.FW1217" tests="1" failures="0" timestamp="14 Feb 2017 19:15:00 GMT" time="17.555" errors="0">
  <testcase name="checkChangeCountry" time="17.555" classname="TestSuite.CheckoutSuite.FW1217"/>
</testsuite> <!-- TestSuite.CheckoutSuite.FW1217 -->
