<?xml version="1.0" encoding="UTF-8"?>
<!-- Generated by org.testng.reporters.JUnitReportReporter -->
<testsuite hostname="L-00008" name="TestSuite.CheckoutSuite.FW1214" tests="1" failures="0" timestamp="14 Feb 2017 22:27:55 GMT" time="32.313" errors="0">
  <testcase name="testEditOrderNotSave" time="32.313" classname="TestSuite.CheckoutSuite.FW1214"/>
</testsuite> <!-- TestSuite.CheckoutSuite.FW1214 -->
