<?xml version="1.0" encoding="UTF-8"?>
<!-- Generated by org.testng.reporters.JUnitReportReporter -->
<testsuite hostname="L-00008" name="TestSuite.CheckoutSuite.FW1812" tests="1" failures="0" timestamp="5 Jan 2017 20:40:46 GMT" time="33.764" errors="0">
  <testcase name="zipValidationUSanonymousCheckOut" time="33.764" classname="TestSuite.CheckoutSuite.FW1812"/>
</testsuite> <!-- TestSuite.CheckoutSuite.FW1812 -->
