<?xml version="1.0" encoding="UTF-8"?>
<!-- Generated by org.testng.reporters.JUnitReportReporter -->
<testsuite hostname="L-00008" name="TestSuite.CheckoutSuite.FW1208" tests="1" failures="0" timestamp="5 Dec 2016 23:16:39 GMT" time="50.485" errors="0">
  <testcase name="testAddNewCCForOrder" time="50.485" classname="TestSuite.CheckoutSuite.FW1208"/>
</testsuite> <!-- TestSuite.CheckoutSuite.FW1208 -->
