<?xml version="1.0" encoding="UTF-8"?>
<!-- Generated by org.testng.reporters.JUnitReportReporter -->
<testsuite hostname="L-00008" name="TestSuite.CheckoutSuite.FW1223" tests="1" failures="0" timestamp="14 Jan 2017 00:03:06 GMT" time="62.850" errors="0">
  <testcase name="testLoginOnCheckoutPage" time="62.850" classname="TestSuite.CheckoutSuite.FW1223"/>
</testsuite> <!-- TestSuite.CheckoutSuite.FW1223 -->
