<?xml version="1.0" encoding="UTF-8"?>
<!-- Generated by org.testng.reporters.JUnitReportReporter -->
<testsuite hostname="L-00008" name="TestSuite.CheckoutSuite.FW1217" tests="1" failures="0" timestamp="12 Dec 2016 19:11:15 GMT" time="19.580" errors="0">
  <testcase name="checkChangeCountry" time="19.580" classname="TestSuite.CheckoutSuite.FW1217"/>
</testsuite> <!-- TestSuite.CheckoutSuite.FW1217 -->
