<?xml version="1.0" encoding="UTF-8"?>
<!-- Generated by org.testng.reporters.JUnitReportReporter -->
<testsuite hostname="L-00008" name="TestSuite.CheckoutSuite.FW1212" tests="1" failures="0" timestamp="28 Nov 2016 22:17:23 GMT" time="52.097" errors="0">
  <testcase name="anonymousCheckOut" time="52.097" classname="TestSuite.CheckoutSuite.FW1212"/>
</testsuite> <!-- TestSuite.CheckoutSuite.FW1212 -->
