<?xml version="1.0" encoding="UTF-8"?>
<!-- Generated by org.testng.reporters.JUnitReportReporter -->
<testsuite hostname="L-00008" name="TestSuite.CheckoutSuite.FW1219" tests="1" failures="0" timestamp="12 Dec 2016 20:22:15 GMT" time="84.577" errors="0">
  <testcase name="testConfirmationPageDisplay" time="84.577" classname="TestSuite.CheckoutSuite.FW1219"/>
</testsuite> <!-- TestSuite.CheckoutSuite.FW1219 -->
