<?xml version="1.0" encoding="UTF-8"?>
<!-- Generated by org.testng.reporters.JUnitReportReporter -->
<testsuite hostname="L-00008" name="TestSuite.CheckoutSuite.FW1237" tests="1" failures="0" timestamp="14 Feb 2017 23:08:06 GMT" time="24.647" errors="0">
  <testcase name="testLoginOnCheckoutPage" time="24.647" classname="TestSuite.CheckoutSuite.FW1237"/>
</testsuite> <!-- TestSuite.CheckoutSuite.FW1237 -->
