<?xml version="1.0" encoding="UTF-8"?>
<!-- Generated by org.testng.reporters.JUnitReportReporter -->
<testsuite hostname="L-00008" name="TestSuite.CheckoutSuite.FW1230" tests="1" failures="0" timestamp="30 Nov 2016 22:11:57 GMT" time="11.114" errors="0">
  <testcase name="testAddNewCCForOrder" time="11.114" classname="TestSuite.CheckoutSuite.FW1230"/>
</testsuite> <!-- TestSuite.CheckoutSuite.FW1230 -->
