<?xml version="1.0" encoding="UTF-8"?>
<!-- Generated by org.testng.reporters.JUnitReportReporter -->
<testsuite hostname="L-00008" name="TestSuite.CheckoutSuite.FW1225" tests="1" failures="0" timestamp="14 Feb 2017 18:27:05 GMT" time="49.514" errors="0">
  <testcase name="testVerifyPrimaryShippingAddressOnCheckOutPage" time="49.514" classname="TestSuite.CheckoutSuite.FW1225"/>
</testsuite> <!-- TestSuite.CheckoutSuite.FW1225 -->
