<?xml version="1.0" encoding="UTF-8"?>
<!-- Generated by org.testng.reporters.JUnitReportReporter -->
<testsuite hostname="L-00008" name="HMC.TestNavToHMCHomePage" tests="1" failures="0" timestamp="23 Nov 2016 18:52:42 GMT" time="10.650" errors="0">
  <testcase name="testSignInWithCorrectInfo" time="10.650" classname="HMC.TestNavToHMCHomePage"/>
</testsuite> <!-- HMC.TestNavToHMCHomePage -->
