<?xml version="1.0" encoding="UTF-8"?>
<!-- Generated by org.testng.reporters.JUnitReportReporter -->
<testsuite hostname="L-00008" name="TestSuite.CheckoutSuite.FW1246" tests="1" failures="0" timestamp="14 Feb 2017 22:05:32 GMT" time="59.433" errors="0">
  <testcase name="testSelectShippingAddress" time="59.433" classname="TestSuite.CheckoutSuite.FW1246"/>
</testsuite> <!-- TestSuite.CheckoutSuite.FW1246 -->
