<?xml version="1.0" encoding="UTF-8"?>
<!-- Generated by org.testng.reporters.JUnitReportReporter -->
<testsuite hostname="L-00008" name="TestSuite.CheckoutSuite.FW1812" tests="1" failures="0" timestamp="14 Feb 2017 23:15:16 GMT" time="21.387" errors="0">
  <testcase name="zipValidationUSanonymousCheckOut" time="21.387" classname="TestSuite.CheckoutSuite.FW1812"/>
</testsuite> <!-- TestSuite.CheckoutSuite.FW1812 -->
