<?xml version="1.0" encoding="UTF-8"?>
<!-- Generated by org.testng.reporters.JUnitReportReporter -->
<testsuite hostname="L-00008" name="TestSuite.CheckoutSuite.FW1232" tests="1" failures="0" timestamp="28 Dec 2016 00:25:48 GMT" time="49.900" errors="0">
  <testcase name="testEnterShippingAddress4guestUserWithAccount" time="49.900" classname="TestSuite.CheckoutSuite.FW1232"/>
</testsuite> <!-- TestSuite.CheckoutSuite.FW1232 -->
