<?xml version="1.0" encoding="UTF-8"?>
<!-- Generated by org.testng.reporters.JUnitReportReporter -->
<testsuite hostname="L-00008" name="TestSuite.CheckoutSuite.FW1209" tests="1" failures="0" timestamp="7 Dec 2016 21:00:48 GMT" time="55.844" errors="0">
  <testcase name="testCheckoutWithoutLoginedOnRegistedUser" time="55.844" classname="TestSuite.CheckoutSuite.FW1209"/>
</testsuite> <!-- TestSuite.CheckoutSuite.FW1209 -->
