<?xml version="1.0" encoding="UTF-8"?>
<!-- Generated by org.testng.reporters.JUnitReportReporter -->
<testsuite hostname="L-00008" name="Cscockpit.TestNavToCustomerServiceHomePage" tests="2" failures="0" timestamp="23 Nov 2016 18:47:11 GMT" time="26.903" errors="0">
  <testcase name="testSignInWithCorrectInfo" time="11.356" classname="Cscockpit.TestNavToCustomerServiceHomePage"/>
  <testcase name="testSearchCustomer" time="15.547" classname="Cscockpit.TestNavToCustomerServiceHomePage"/>
</testsuite> <!-- Cscockpit.TestNavToCustomerServiceHomePage -->
