<?xml version="1.0" encoding="UTF-8"?>
<!-- Generated by org.testng.reporters.JUnitReportReporter -->
<testsuite hostname="L-00008" name="TestSuite.TestMakeOrder" tests="1" failures="0" timestamp="23 Nov 2016 00:48:46 GMT" time="89.555" errors="0">
  <testcase name="testMakeOrder" time="89.555" classname="TestSuite.TestMakeOrder"/>
</testsuite> <!-- TestSuite.TestMakeOrder -->
