<?xml version="1.0" encoding="UTF-8"?>
<!-- Generated by org.testng.reporters.JUnitReportReporter -->
<testsuite hostname="L-00008" name="TestSuite.CheckoutSuite.FW1231" tests="1" failures="0" timestamp="16 Dec 2016 18:00:54 GMT" time="110.921" errors="0">
  <testcase name="testConfirmationPageDisplay" time="110.921" classname="TestSuite.CheckoutSuite.FW1231"/>
</testsuite> <!-- TestSuite.CheckoutSuite.FW1231 -->
