<?xml version="1.0" encoding="UTF-8"?>
<!-- Generated by org.testng.reporters.JUnitReportReporter -->
<testsuite hostname="L-00008" name="TestSuite.CheckoutSuite.FW1834" tests="1" failures="0" timestamp="17 Jan 2017 19:01:01 GMT" time="21.779" errors="0">
  <testcase name="zipValidationJPanonymousCheckOut" time="21.779" classname="TestSuite.CheckoutSuite.FW1834"/>
</testsuite> <!-- TestSuite.CheckoutSuite.FW1834 -->
