<?xml version="1.0" encoding="UTF-8"?>
<!-- Generated by org.testng.reporters.JUnitReportReporter -->
<testsuite hostname="L-00008" name="TestSuite.CheckoutSuite.FW2370" tests="1" failures="0" timestamp="18 Jan 2017 19:13:40 GMT" time="78.974" errors="0">
  <testcase name="testTaxEstimationAddNewAddress4RegisteredUser" time="78.974" classname="TestSuite.CheckoutSuite.FW2370"/>
</testsuite> <!-- TestSuite.CheckoutSuite.FW2370 -->
