<?xml version="1.0" encoding="UTF-8"?>
<!-- Generated by org.testng.reporters.JUnitReportReporter -->
<testsuite hostname="L-00008" name="TestSuite.CheckoutSuite.FW1234" tests="1" failures="0" timestamp="28 Dec 2016 19:11:36 GMT" time="62.661" errors="0">
  <testcase name="testCheckoutSA" time="62.661" classname="TestSuite.CheckoutSuite.FW1234"/>
</testsuite> <!-- TestSuite.CheckoutSuite.FW1234 -->
