<?xml version="1.0" encoding="UTF-8"?>
<!-- Generated by org.testng.reporters.JUnitReportReporter -->
<testsuite hostname="L-00008" name="WCMS.TestNavToCanadaStagePage" tests="2" failures="0" timestamp="17 Oct 2016 18:10:43 GMT" time="12.397" errors="0">
  <testcase name="testSearchPage" time="2.939" classname="WCMS.TestNavToCanadaStagePage"/>
  <testcase name="testSignInWithCorrectInfo" time="9.458" classname="WCMS.TestNavToCanadaStagePage"/>
</testsuite> <!-- WCMS.TestNavToCanadaStagePage -->
