<?xml version="1.0" encoding="UTF-8"?>
<!-- Generated by org.testng.reporters.JUnitReportReporter -->
<testsuite hostname="L-00008" name="TestSuite.CheckoutSuite.FW1218" tests="1" failures="0" timestamp="14 Feb 2017 22:38:40 GMT" time="39.965" errors="0">
  <testcase name="checkDeleteOrder" time="39.965" classname="TestSuite.CheckoutSuite.FW1218"/>
</testsuite> <!-- TestSuite.CheckoutSuite.FW1218 -->
