<?xml version="1.0" encoding="UTF-8"?>
<!-- Generated by org.testng.reporters.JUnitReportReporter -->
<testsuite hostname="L-00008" name="TestSuite.CheckoutSuite.FW1246" tests="1" failures="0" timestamp="23 Dec 2016 18:39:40 GMT" time="57.827" errors="0">
  <testcase name="checkChangeCountry" time="57.827" classname="TestSuite.CheckoutSuite.FW1246"/>
</testsuite> <!-- TestSuite.CheckoutSuite.FW1246 -->
