<?xml version="1.0" encoding="UTF-8"?>
<!-- Generated by org.testng.reporters.JUnitReportReporter -->
<testsuite hostname="L-00008" name="TestSuite.CheckoutSuite.FW1233" tests="1" failures="0" timestamp="6 Dec 2016 17:10:55 GMT" time="39.914" errors="0">
  <testcase name="testAddNewCCForOrder" time="39.914" classname="TestSuite.CheckoutSuite.FW1233"/>
</testsuite> <!-- TestSuite.CheckoutSuite.FW1233 -->
