<?xml version="1.0" encoding="UTF-8"?>
<!-- Generated by org.testng.reporters.JUnitReportReporter -->
<testsuite hostname="L-00008" name="TestSuite.CheckoutSuite.FW1219" tests="1" failures="0" timestamp="13 Jan 2017 23:54:25 GMT" time="69.296" errors="0">
  <testcase name="testConfirmationPageDisplay" time="69.296" classname="TestSuite.CheckoutSuite.FW1219"/>
</testsuite> <!-- TestSuite.CheckoutSuite.FW1219 -->
