<?xml version="1.0" encoding="UTF-8"?>
<!-- Generated by org.testng.reporters.JUnitReportReporter -->
<testsuite hostname="L-00008" name="TestSuite.CheckoutSuite.FW1227" tests="1" failures="0" timestamp="14 Dec 2016 19:25:03 GMT" time="36.427" errors="0">
  <testcase name="testVerifyPrimaryShippingAddressOnCheckOutPage" time="36.427" classname="TestSuite.CheckoutSuite.FW1227"/>
</testsuite> <!-- TestSuite.CheckoutSuite.FW1227 -->
