<?xml version="1.0" encoding="UTF-8"?>
<!-- Generated by org.testng.reporters.JUnitReportReporter -->
<testsuite hostname="L-00008" name="TestSuite.CheckoutSuite.FW1879" tests="1" failures="0" timestamp="16 Feb 2017 18:40:27 GMT" time="42.786" errors="0">
  <testcase name="zipMaxLenthValidation" time="42.786" classname="TestSuite.CheckoutSuite.FW1879"/>
</testsuite> <!-- TestSuite.CheckoutSuite.FW1879 -->
