<?xml version="1.0" encoding="UTF-8"?>
<!-- Generated by org.testng.reporters.JUnitReportReporter -->
<testsuite hostname="L-00008" name="TestSuite.CheckoutSuite.FW1222" tests="1" failures="0" timestamp="14 Feb 2017 22:42:07 GMT" time="25.670" errors="0">
  <testcase name="checkChangeCountry" time="25.670" classname="TestSuite.CheckoutSuite.FW1222"/>
</testsuite> <!-- TestSuite.CheckoutSuite.FW1222 -->
