<?xml version="1.0" encoding="UTF-8"?>
<!-- Generated by org.testng.reporters.JUnitReportReporter -->
<testsuite hostname="L-00008" name="TestSuite.TestMakeOrder" tests="1" failures="0" timestamp="10 Jan 2017 17:57:21 GMT" time="64.535" errors="0">
  <testcase name="testMakeOrder" time="64.535" classname="TestSuite.TestMakeOrder"/>
</testsuite> <!-- TestSuite.TestMakeOrder -->
