<?xml version="1.0" encoding="UTF-8"?>
<!-- Generated by org.testng.reporters.JUnitReportReporter -->
<testsuite hostname="L-00008" name="TestSuite.CheckoutSuite.FW1220" tests="1" failures="0" timestamp="13 Dec 2016 17:49:12 GMT" time="17.314" errors="0">
  <testcase name="checkChangeCountry" time="17.314" classname="TestSuite.CheckoutSuite.FW1220"/>
</testsuite> <!-- TestSuite.CheckoutSuite.FW1220 -->
