<?xml version="1.0" encoding="UTF-8"?>
<!-- Generated by org.testng.reporters.JUnitReportReporter -->
<testsuite hostname="L-00008" name="TestSuite.CheckoutSuite.FW1878" tests="1" failures="0" timestamp="15 Feb 2017 21:36:56 GMT" time="28.655" errors="0">
  <testcase name="zipValidationTriggering" time="28.655" classname="TestSuite.CheckoutSuite.FW1878"/>
</testsuite> <!-- TestSuite.CheckoutSuite.FW1878 -->
