<?xml version="1.0" encoding="UTF-8"?>
<!-- Generated by org.testng.reporters.JUnitReportReporter -->
<testsuite hostname="L-00008" name="TestSuite.CheckoutSuite.FW1241" tests="1" failures="0" timestamp="20 Dec 2016 23:10:09 GMT" time="47.119" errors="0">
  <testcase name="testForgetPSDNaviToEditOrder" time="47.119" classname="TestSuite.CheckoutSuite.FW1241"/>
</testsuite> <!-- TestSuite.CheckoutSuite.FW1241 -->
