<?xml version="1.0" encoding="UTF-8"?>
<!-- Generated by org.testng.reporters.JUnitReportReporter -->
<testsuite hostname="L-00008" name="TestSuite.CheckoutSuite.FW1223" tests="1" failures="0" timestamp="14 Feb 2017 18:14:34 GMT" time="67.286" errors="0">
  <testcase name="testLoginOnCheckoutPage" time="67.286" classname="TestSuite.CheckoutSuite.FW1223"/>
</testsuite> <!-- TestSuite.CheckoutSuite.FW1223 -->
