<?xml version="1.0" encoding="UTF-8"?>
<!-- Generated by org.testng.reporters.JUnitReportReporter -->
<testsuite hostname="L-00008" name="WCMS.TestNavToCanadaStagePage" tests="2" failures="0" timestamp="23 Nov 2016 18:55:59 GMT" time="16.592" errors="0">
  <testcase name="testSearchPage" time="4.922" classname="WCMS.TestNavToCanadaStagePage"/>
  <testcase name="testGoToCanadaStagePage" time="11.670" classname="WCMS.TestNavToCanadaStagePage"/>
</testsuite> <!-- WCMS.TestNavToCanadaStagePage -->
