<?xml version="1.0" encoding="UTF-8"?>
<!-- Generated by org.testng.reporters.JUnitReportReporter -->
<testsuite hostname="L-00008" name="TestSuite.CheckoutSuite.FW1242" tests="1" failures="0" timestamp="30 Nov 2016 23:06:48 GMT" time="20.362" errors="0">
  <testcase name="testRegistrationONConfirmPage" time="20.362" classname="TestSuite.CheckoutSuite.FW1242"/>
</testsuite> <!-- TestSuite.CheckoutSuite.FW1242 -->
