<?xml version="1.0" encoding="UTF-8"?>
<!-- Generated by org.testng.reporters.JUnitReportReporter -->
<testsuite hostname="L-00008" name="TestSuite.CheckoutSuite.FW1213" tests="1" failures="0" timestamp="7 Dec 2016 22:40:58 GMT" time="48.294" errors="0">
  <testcase name="testConfirmationPageDisplay" time="48.294" classname="TestSuite.CheckoutSuite.FW1213"/>
</testsuite> <!-- TestSuite.CheckoutSuite.FW1213 -->
