<?xml version="1.0" encoding="UTF-8"?>
<!-- Generated by org.testng.reporters.JUnitReportReporter -->
<testsuite hostname="L-00008" name="TestSuite.CheckoutSuite.FW1245" tests="1" failures="0" timestamp="14 Feb 2017 23:14:04 GMT" time="49.839" errors="0">
  <testcase name="testAddNewCCForOrder" time="49.839" classname="TestSuite.CheckoutSuite.FW1245"/>
</testsuite> <!-- TestSuite.CheckoutSuite.FW1245 -->
