<?xml version="1.0" encoding="UTF-8"?>
<!-- Generated by org.testng.reporters.JUnitReportReporter -->
<testsuite hostname="L-00008" name="TestSuite.CheckoutSuite.FW1233" tests="1" failures="0" timestamp="14 Feb 2017 18:43:38 GMT" time="45.195" errors="0">
  <testcase name="testSelectCCWhenCheckOut" time="45.195" classname="TestSuite.CheckoutSuite.FW1233"/>
</testsuite> <!-- TestSuite.CheckoutSuite.FW1233 -->
