<?xml version="1.0" encoding="UTF-8"?>
<!-- Generated by org.testng.reporters.JUnitReportReporter -->
<testsuite hostname="L-00008" name="TestSuite.CheckoutSuite.FW2926" tests="1" failures="0" timestamp="14 Feb 2017 19:13:51 GMT" time="33.248" errors="0">
  <testcase name="testAllowGuestGiftCheckOut" time="33.248" classname="TestSuite.CheckoutSuite.FW2926"/>
</testsuite> <!-- TestSuite.CheckoutSuite.FW2926 -->
