<?xml version="1.0" encoding="UTF-8"?>
<!-- Generated by org.testng.reporters.JUnitReportReporter -->
<testsuite hostname="L-00008" name="TestSuite.CheckoutSuite.FW1245" tests="1" failures="0" timestamp="7 Dec 2016 18:00:07 GMT" time="51.930" errors="0">
  <testcase name="testAddNewCCForOrder" time="51.930" classname="TestSuite.CheckoutSuite.FW1245"/>
</testsuite> <!-- TestSuite.CheckoutSuite.FW1245 -->
