<?xml version="1.0" encoding="UTF-8"?>
<!-- Generated by org.testng.reporters.JUnitReportReporter -->
<testsuite hostname="L-00008" name="TestSuite.CheckoutSuite.FW1230" tests="1" failures="0" timestamp="14 Feb 2017 19:03:02 GMT" time="45.357" errors="0">
  <testcase name="testAddNewCCForOrder" time="45.357" classname="TestSuite.CheckoutSuite.FW1230"/>
</testsuite> <!-- TestSuite.CheckoutSuite.FW1230 -->
