<?xml version="1.0" encoding="UTF-8"?>
<!-- Generated by org.testng.reporters.JUnitReportReporter -->
<testsuite hostname="L-00008" name="TestSuite.CheckoutSuite.FW1235" tests="1" failures="0" timestamp="15 Feb 2017 00:13:59 GMT" time="64.046" errors="0">
  <testcase name="testConfirmationPageDisplay" time="64.046" classname="TestSuite.CheckoutSuite.FW1235"/>
</testsuite> <!-- TestSuite.CheckoutSuite.FW1235 -->
