<?xml version="1.0" encoding="UTF-8"?>
<!-- Generated by org.testng.reporters.JUnitReportReporter -->
<testsuite hostname="L-00008" name="TestSuite.CheckoutSuite.FW1212" tests="1" failures="0" timestamp="30 Nov 2016 23:07:52 GMT" time="28.758" errors="0">
  <testcase name="anonymousCheckOut" time="28.758" classname="TestSuite.CheckoutSuite.FW1212"/>
</testsuite> <!-- TestSuite.CheckoutSuite.FW1212 -->
