<?xml version="1.0" encoding="UTF-8"?>
<!-- Generated by org.testng.reporters.JUnitReportReporter -->
<testsuite hostname="L-00008" name="TestSuite.CheckoutSuite.FW1232" tests="1" failures="0" timestamp="3 Jan 2017 19:28:49 GMT" time="50.864" errors="0">
  <testcase name="testEnterShippingAddress4guestUserWithAccount" time="50.864" classname="TestSuite.CheckoutSuite.FW1232"/>
</testsuite> <!-- TestSuite.CheckoutSuite.FW1232 -->
