<?xml version="1.0" encoding="UTF-8"?>
<!-- Generated by org.testng.reporters.JUnitReportReporter -->
<testsuite hostname="L-00008" name="TestSuite.CheckoutSuite.FW1216" tests="1" failures="0" timestamp="9 Dec 2016 18:24:59 GMT" time="43.584" errors="0">
  <testcase name="checkEnterAddressVerification" time="43.584" classname="TestSuite.CheckoutSuite.FW1216"/>
</testsuite> <!-- TestSuite.CheckoutSuite.FW1216 -->
