<?xml version="1.0" encoding="UTF-8"?>
<!-- Generated by org.testng.reporters.JUnitReportReporter -->
<testsuite hostname="L-00008" name="TestSuite.CheckoutSuite.FW1238" tests="1" failures="0" timestamp="30 Nov 2016 23:04:13 GMT" time="52.165" errors="0">
  <testcase name="anonymousConfirmationPage" time="52.165" classname="TestSuite.CheckoutSuite.FW1238"/>
</testsuite> <!-- TestSuite.CheckoutSuite.FW1238 -->
