<?xml version="1.0" encoding="UTF-8"?>
<!-- Generated by org.testng.reporters.JUnitReportReporter -->
<testsuite hostname="L-00008" name="HMC.TestModifyProductQuantity" tests="1" failures="0" timestamp="4 Nov 2016 17:16:53 GMT" time="35.882" errors="0">
  <testcase name="testModifyProductQuantity" time="35.882" classname="HMC.TestModifyProductQuantity"/>
</testsuite> <!-- HMC.TestModifyProductQuantity -->
