<?xml version="1.0" encoding="UTF-8"?>
<!-- Generated by org.testng.reporters.JUnitReportReporter -->
<testsuite hostname="L-00008" name="TestSuite.CheckoutSuite.FW2252" tests="1" failures="0" timestamp="14 Feb 2017 22:09:19 GMT" time="26.483" errors="0">
  <testcase name="testTaxEstimation" time="26.483" classname="TestSuite.CheckoutSuite.FW2252"/>
</testsuite> <!-- TestSuite.CheckoutSuite.FW2252 -->
