<?xml version="1.0" encoding="UTF-8"?>
<!-- Generated by org.testng.reporters.JUnitReportReporter -->
<testsuite hostname="L-00008" name="HMC.TestModifyProductQuantity" tests="1" failures="0" timestamp="27 Oct 2016 22:14:48 GMT" time="38.759" errors="0">
  <testcase name="testModifyProductQuantity" time="38.759" classname="HMC.TestModifyProductQuantity"/>
</testsuite> <!-- HMC.TestModifyProductQuantity -->
