<?xml version="1.0" encoding="UTF-8"?>
<!-- Generated by org.testng.reporters.JUnitReportReporter -->
<testsuite hostname="L-00008" name="TestSuite.CheckoutSuite.FW1212" tests="1" failures="0" timestamp="1 Dec 2016 19:52:37 GMT" time="71.158" errors="0">
  <testcase name="anonymousCheckOut" time="71.158" classname="TestSuite.CheckoutSuite.FW1212"/>
</testsuite> <!-- TestSuite.CheckoutSuite.FW1212 -->
