<?xml version="1.0" encoding="UTF-8"?>
<!-- Generated by org.testng.reporters.JUnitReportReporter -->
<testsuite hostname="L-00008" name="TestSuite.CheckoutSuite.FW1877" tests="1" failures="0" timestamp="15 Feb 2017 21:07:42 GMT" time="34.632" errors="0">
  <testcase name="zipMaxLenthValidation" time="34.632" classname="TestSuite.CheckoutSuite.FW1877"/>
</testsuite> <!-- TestSuite.CheckoutSuite.FW1877 -->
