<?xml version="1.0" encoding="UTF-8"?>
<!-- Generated by org.testng.reporters.JUnitReportReporter -->
<testsuite hostname="L-00008" name="TestSuite.CheckoutSuite.FW1234" tests="1" failures="0" timestamp="19 Dec 2016 21:04:57 GMT" time="25.350" errors="0">
  <testcase name="testCheckoutSA" time="25.350" classname="TestSuite.CheckoutSuite.FW1234"/>
</testsuite> <!-- TestSuite.CheckoutSuite.FW1234 -->
