<?xml version="1.0" encoding="UTF-8"?>
<!-- Generated by org.testng.reporters.JUnitReportReporter -->
<testsuite hostname="L-00008" name="TestSuite.CheckoutSuite.FW1240" tests="1" failures="0" timestamp="14 Feb 2017 23:09:17 GMT" time="30.826" errors="0">
  <testcase name="testEditOrder" time="30.826" classname="TestSuite.CheckoutSuite.FW1240"/>
</testsuite> <!-- TestSuite.CheckoutSuite.FW1240 -->
