<?xml version="1.0" encoding="UTF-8"?>
<!-- Generated by org.testng.reporters.JUnitReportReporter -->
<testsuite hostname="L-00008" name="TestSuite.CheckoutSuite.FW2354" tests="1" failures="0" timestamp="10 Jan 2017 19:03:55 GMT" time="34.734" errors="0">
  <testcase name="testTaxEstimationAnonymousUser" time="34.734" classname="TestSuite.CheckoutSuite.FW2354"/>
</testsuite> <!-- TestSuite.CheckoutSuite.FW2354 -->
