<?xml version="1.0" encoding="UTF-8"?>
<!-- Generated by org.testng.reporters.JUnitReportReporter -->
<testsuite hostname="L-00008" name="TestSuite.CheckoutSuite.FW1884" tests="1" failures="0" timestamp="27 Feb 2017 19:01:42 GMT" time="49.720" errors="0">
  <testcase name="AUandNZzipCodeValidation" time="49.720" classname="TestSuite.CheckoutSuite.FW1884"/>
</testsuite> <!-- TestSuite.CheckoutSuite.FW1884 -->
