<?xml version="1.0" encoding="UTF-8"?>
<!-- Generated by org.testng.reporters.JUnitReportReporter -->
<testsuite hostname="L-00008" name="TestSuite.CheckoutSuite.FW1212" tests="1" failures="0" timestamp="2 Dec 2016 19:14:29 GMT" time="31.964" errors="0">
  <testcase name="anonymousCheckOut" time="31.964" classname="TestSuite.CheckoutSuite.FW1212"/>
</testsuite> <!-- TestSuite.CheckoutSuite.FW1212 -->
