<?xml version="1.0" encoding="UTF-8"?>
<!-- Generated by org.testng.reporters.JUnitReportReporter -->
<testsuite hostname="L-00008" name="TestSuite.CheckoutSuite.FW2926" tests="1" failures="0" timestamp="13 Jan 2017 18:16:54 GMT" time="24.129" errors="0">
  <testcase name="testAllowGuestGiftCheckOut" time="24.129" classname="TestSuite.CheckoutSuite.FW2926"/>
</testsuite> <!-- TestSuite.CheckoutSuite.FW2926 -->
