<?xml version="1.0" encoding="UTF-8"?>
<!-- Generated by org.testng.reporters.JUnitReportReporter -->
<testsuite hostname="L-00008" name="TestSuite.CheckoutSuite.FW2370" tests="1" failures="0" timestamp="14 Feb 2017 22:24:24 GMT" time="63.340" errors="0">
  <testcase name="testTaxEstimationAddNewAddress4RegisteredUser" time="63.340" classname="TestSuite.CheckoutSuite.FW2370"/>
</testsuite> <!-- TestSuite.CheckoutSuite.FW2370 -->
