<?xml version="1.0" encoding="UTF-8"?>
<!-- Generated by org.testng.reporters.JUnitReportReporter -->
<testsuite hostname="L-00008" name="TestSuite.CheckoutSuite.FW1207" tests="1" failures="0" timestamp="21 Apr 2017 18:16:01 GMT" time="21.667" errors="0">
  <testcase name="anonymousCheckOut" time="21.667" classname="TestSuite.CheckoutSuite.FW1207"/>
</testsuite> <!-- TestSuite.CheckoutSuite.FW1207 -->
