<?xml version="1.0" encoding="UTF-8"?>
<!-- Generated by org.testng.reporters.JUnitReportReporter -->
<testsuite hostname="L-00008" name="TestSuite.CheckoutSuite.FW1207" tests="1" failures="0" timestamp="4 May 2017 21:51:47 GMT" time="29.029" errors="0">
  <testcase name="anonymousCheckOut" time="29.029" classname="TestSuite.CheckoutSuite.FW1207"/>
</testsuite> <!-- TestSuite.CheckoutSuite.FW1207 -->
