<?xml version="1.0" encoding="UTF-8"?>
<!-- Generated by org.testng.reporters.JUnitReportReporter -->
<testsuite hostname="L-00008" name="TestSuite.CheckoutSuite.FW1834" tests="1" failures="0" timestamp="14 Feb 2017 23:18:18 GMT" time="21.998" errors="0">
  <testcase name="zipValidationJPanonymousCheckOut" time="21.998" classname="TestSuite.CheckoutSuite.FW1834"/>
</testsuite> <!-- TestSuite.CheckoutSuite.FW1834 -->
