<?xml version="1.0" encoding="UTF-8"?>
<!-- Generated by org.testng.reporters.JUnitReportReporter -->
<testsuite hostname="L-00008" name="TestSuite.CheckoutSuite.FW1213" tests="1" failures="0" timestamp="14 Feb 2017 19:38:11 GMT" time="44.220" errors="0">
  <testcase name="testConfirmationPageDisplay" time="44.220" classname="TestSuite.CheckoutSuite.FW1213"/>
</testsuite> <!-- TestSuite.CheckoutSuite.FW1213 -->
