<?xml version="1.0" encoding="UTF-8"?>
<!-- Generated by org.testng.reporters.JUnitReportReporter -->
<testsuite hostname="L-00008" name="TestSuite.CheckoutSuite.FW1224" tests="1" failures="0" timestamp="14 Feb 2017 23:00:06 GMT" time="69.478" errors="0">
  <testcase name="testEnterShippingAddressLoggedInUser" time="69.478" classname="TestSuite.CheckoutSuite.FW1224"/>
</testsuite> <!-- TestSuite.CheckoutSuite.FW1224 -->
