<?xml version="1.0" encoding="UTF-8"?>
<!-- Generated by org.testng.reporters.JUnitReportReporter -->
<testsuite hostname="L-00008" name="NetSuite.TestNavToNetSuiteHomePage" tests="1" failures="0" timestamp="13 Oct 2016 18:36:21 GMT" time="8.792" errors="0">
  <testcase name="testSignInWithCorrectInfo" time="8.792" classname="NetSuite.TestNavToNetSuiteHomePage"/>
</testsuite> <!-- NetSuite.TestNavToNetSuiteHomePage -->
