<?xml version="1.0" encoding="UTF-8"?>
<!-- Generated by org.testng.reporters.JUnitReportReporter -->
<testsuite hostname="L-00008" name="Cscockpit.TestNavToCustomerServiceHomePage" tests="2" failures="0" timestamp="27 Oct 2016 23:27:17 GMT" time="24.716" errors="0">
  <testcase name="testSearchCustomer" time="12.085" classname="Cscockpit.TestNavToCustomerServiceHomePage"/>
  <testcase name="testSignInWithCorrectInfo" time="12.631" classname="Cscockpit.TestNavToCustomerServiceHomePage"/>
</testsuite> <!-- Cscockpit.TestNavToCustomerServiceHomePage -->
