<?xml version="1.0" encoding="UTF-8"?>
<!-- Generated by org.testng.reporters.JUnitReportReporter -->
<testsuite hostname="L-00008" name="TestSuite.CheckoutSuite.FW1235" tests="1" failures="0" timestamp="8 Feb 2017 19:38:52 GMT" time="91.872" errors="0">
  <testcase name="testConfirmationPageDisplay" time="91.872" classname="TestSuite.CheckoutSuite.FW1235"/>
</testsuite> <!-- TestSuite.CheckoutSuite.FW1235 -->
