<?xml version="1.0" encoding="UTF-8"?>
<!-- Generated by org.testng.reporters.JUnitReportReporter -->
<testsuite hostname="L-00008" name="TestSuite.CheckoutSuite.FW1242" tests="1" failures="0" timestamp="14 Feb 2017 18:50:33 GMT" time="26.785" errors="0">
  <testcase name="testRegistrationONConfirmPage" time="26.785" classname="TestSuite.CheckoutSuite.FW1242"/>
</testsuite> <!-- TestSuite.CheckoutSuite.FW1242 -->
