<?xml version="1.0" encoding="UTF-8"?>
<!-- Generated by org.testng.reporters.JUnitReportReporter -->
<testsuite hostname="L-00008" name="TestSuite.CheckoutSuite.FW1833" tests="1" failures="0" timestamp="17 Jan 2017 18:37:56 GMT" time="21.059" errors="0">
  <testcase name="zipValidationUSanonymousCheckOut" time="21.059" classname="TestSuite.CheckoutSuite.FW1833"/>
</testsuite> <!-- TestSuite.CheckoutSuite.FW1833 -->
