<?xml version="1.0" encoding="UTF-8"?>
<!-- Generated by org.testng.reporters.JUnitReportReporter -->
<testsuite hostname="L-00008" name="TestSuite.CheckoutSuite.FW1235" tests="1" failures="0" timestamp="28 Dec 2016 19:10:08 GMT" time="126.497" errors="0">
  <testcase name="testConfirmationPageDisplay" time="126.497" classname="TestSuite.CheckoutSuite.FW1235"/>
</testsuite> <!-- TestSuite.CheckoutSuite.FW1235 -->
