<?xml version="1.0" encoding="UTF-8"?>
<!-- Generated by org.testng.reporters.JUnitReportReporter -->
<testsuite hostname="L-00008" name="TestSuite.CheckoutSuite.FW1236" tests="1" failures="0" timestamp="14 Feb 2017 18:48:23 GMT" time="44.676" errors="0">
  <testcase name="testLoggedUserWithoutSACC" time="44.676" classname="TestSuite.CheckoutSuite.FW1236"/>
</testsuite> <!-- TestSuite.CheckoutSuite.FW1236 -->
