<?xml version="1.0" encoding="UTF-8"?>
<!-- Generated by org.testng.reporters.JUnitReportReporter -->
<testsuite hostname="L-00008" name="HMC.TestCheckOrder" tests="1" failures="0" timestamp="25 Oct 2016 20:04:05 GMT" time="11.665" errors="0">
  <testcase name="testCheckOrder" time="11.665" classname="HMC.TestCheckOrder"/>
</testsuite> <!-- HMC.TestCheckOrder -->
