<?xml version="1.0" encoding="UTF-8"?>
<!-- Generated by org.testng.reporters.JUnitReportReporter -->
<testsuite hostname="L-00008" name="TestSuite.CheckoutSuite.FW1238" tests="1" failures="0" timestamp="19 Jan 2017 23:07:44 GMT" time="24.669" errors="0">
  <testcase name="anonymousConfirmationPage" time="24.669" classname="TestSuite.CheckoutSuite.FW1238"/>
</testsuite> <!-- TestSuite.CheckoutSuite.FW1238 -->
