<?xml version="1.0" encoding="UTF-8"?>
<!-- Generated by org.testng.reporters.JUnitReportReporter -->
<testsuite hostname="L-00008" name="TestSuite.CheckoutSuite.FW1235" tests="1" failures="0" timestamp="20 Dec 2016 19:34:08 GMT" time="56.323" errors="0">
  <testcase name="testConfirmationPageDisplay" time="56.323" classname="TestSuite.CheckoutSuite.FW1235"/>
</testsuite> <!-- TestSuite.CheckoutSuite.FW1235 -->
