<?xml version="1.0" encoding="UTF-8"?>
<!-- Generated by org.testng.reporters.JUnitReportReporter -->
<testsuite hostname="L-00008" name="TestSuite.CheckoutSuite.FW1232" tests="1" failures="0" timestamp="14 Feb 2017 18:40:39 GMT" time="52.700" errors="0">
  <testcase name="testEnterShippingAddress4guestUserWithAccount" time="52.700" classname="TestSuite.CheckoutSuite.FW1232"/>
</testsuite> <!-- TestSuite.CheckoutSuite.FW1232 -->
