<?xml version="1.0" encoding="UTF-8"?>
<!-- Generated by org.testng.reporters.JUnitReportReporter -->
<testsuite hostname="L-00008" name="TestSuite.CheckoutSuite.FW2354" tests="1" failures="0" timestamp="14 Feb 2017 22:10:21 GMT" time="31.071" errors="0">
  <testcase name="testTaxEstimationAnonymousUser" time="31.071" classname="TestSuite.CheckoutSuite.FW2354"/>
</testsuite> <!-- TestSuite.CheckoutSuite.FW2354 -->
