<?xml version="1.0" encoding="UTF-8"?>
<!-- Generated by org.testng.reporters.JUnitReportReporter -->
<testsuite hostname="L-00008" name="TestSuite.CheckoutSuite.FW1234" tests="1" failures="0" timestamp="14 Feb 2017 18:45:56 GMT" time="27.685" errors="0">
  <testcase name="testCheckoutSA" time="27.685" classname="TestSuite.CheckoutSuite.FW1234"/>
</testsuite> <!-- TestSuite.CheckoutSuite.FW1234 -->
