<?xml version="1.0" encoding="UTF-8"?>
<!-- Generated by org.testng.reporters.JUnitReportReporter -->
<testsuite hostname="L-00008" name="TestSuite.TestMakeOrder" tests="1" failures="0" timestamp="28 Dec 2016 00:21:13 GMT" time="61.168" errors="0">
  <testcase name="testMakeOrder" time="61.168" classname="TestSuite.TestMakeOrder"/>
</testsuite> <!-- TestSuite.TestMakeOrder -->
