<?xml version="1.0" encoding="UTF-8"?>
<!-- Generated by org.testng.reporters.JUnitReportReporter -->
<testsuite hostname="L-00008" name="TestSuite.CheckoutSuite.FW2252" tests="1" failures="0" timestamp="10 Jan 2017 18:30:12 GMT" time="25.379" errors="0">
  <testcase name="testTaxEstimation" time="25.379" classname="TestSuite.CheckoutSuite.FW2252"/>
</testsuite> <!-- TestSuite.CheckoutSuite.FW2252 -->
