<?xml version="1.0" encoding="UTF-8"?>
<!-- Generated by org.testng.reporters.JUnitReportReporter -->
<testsuite hostname="L-00008" name="TestSuite.CheckoutSuite.FW2355" tests="1" failures="0" timestamp="10 Jan 2017 19:13:56 GMT" time="26.001" errors="0">
  <testcase name="testTaxEstimationNoTaxes" time="26.001" classname="TestSuite.CheckoutSuite.FW2355"/>
</testsuite> <!-- TestSuite.CheckoutSuite.FW2355 -->
