<?xml version="1.0" encoding="UTF-8"?>
<!-- Generated by org.testng.reporters.JUnitReportReporter -->
<testsuite hostname="L-00008" name="NetSuite.TestSelectToolBar" tests="1" failures="0" timestamp="13 Oct 2016 22:24:08 GMT" time="12.098" errors="0">
  <testcase name="testSelectFromToolBar" time="12.098" classname="NetSuite.TestSelectToolBar"/>
</testsuite> <!-- NetSuite.TestSelectToolBar -->
