<?xml version="1.0" encoding="UTF-8"?>
<!-- Generated by org.testng.reporters.JUnitReportReporter -->
<testsuite hostname="L-00008" name="TestSuite.CheckoutSuite.FW1208" tests="1" failures="0" timestamp="23 Jan 2017 18:43:03 GMT" time="65.473" errors="0">
  <testcase name="testLoggedWithSeveralSaCc" time="65.473" classname="TestSuite.CheckoutSuite.FW1208"/>
</testsuite> <!-- TestSuite.CheckoutSuite.FW1208 -->
