<?xml version="1.0" encoding="UTF-8"?>
<!-- Generated by org.testng.reporters.JUnitReportReporter -->
<testsuite hostname="L-00008" name="TestSuite.CheckoutSuite.FW1214" tests="1" failures="0" timestamp="8 Dec 2016 22:17:36 GMT" time="34.211" errors="0">
  <testcase name="testEditOrderNotSave" time="34.211" classname="TestSuite.CheckoutSuite.FW1214"/>
</testsuite> <!-- TestSuite.CheckoutSuite.FW1214 -->
