<?xml version="1.0" encoding="UTF-8"?>
<!-- Generated by org.testng.reporters.JUnitReportReporter -->
<testsuite hostname="L-00008" name="TestSuite.CheckoutSuite.FW1209" tests="1" failures="0" timestamp="23 Jan 2017 18:40:17 GMT" time="54.545" errors="0">
  <testcase name="testCheckoutWithoutLoginedOnRegistedUser" time="54.545" classname="TestSuite.CheckoutSuite.FW1209"/>
</testsuite> <!-- TestSuite.CheckoutSuite.FW1209 -->
