<?xml version="1.0" encoding="UTF-8"?>
<!-- Generated by org.testng.reporters.JUnitReportReporter -->
<testsuite hostname="L-00008" name="TestSuite.CheckoutSuite.FW2370" tests="1" failures="0" timestamp="10 Jan 2017 21:24:46 GMT" time="65.995" errors="0">
  <testcase name="testTaxEstimationAddNewAddress4RegisteredUser" time="65.995" classname="TestSuite.CheckoutSuite.FW2370"/>
</testsuite> <!-- TestSuite.CheckoutSuite.FW2370 -->
