<?xml version="1.0" encoding="UTF-8"?>
<!-- Generated by org.testng.reporters.JUnitReportReporter -->
<testsuite hostname="L-00008" name="TestSuite.CheckoutSuite.FW1230" tests="1" failures="0" timestamp="29 Nov 2016 23:15:13 GMT" time="33.639" errors="0">
  <testcase name="testAddNewCCForOrder" time="33.639" classname="TestSuite.CheckoutSuite.FW1230"/>
</testsuite> <!-- TestSuite.CheckoutSuite.FW1230 -->
