<?xml version="1.0" encoding="UTF-8"?>
<!-- Generated by org.testng.reporters.JUnitReportReporter -->
<testsuite hostname="L-00008" name="TestSuite.CheckoutSuite.FW2369" tests="1" failures="0" timestamp="14 Feb 2017 22:13:43 GMT" time="57.339" errors="0">
  <testcase name="testTaxEstimationTriggerTaxCalculationByAddressChange" time="57.339" classname="TestSuite.CheckoutSuite.FW2369"/>
</testsuite> <!-- TestSuite.CheckoutSuite.FW2369 -->
