<?xml version="1.0" encoding="UTF-8"?>
<!-- Generated by org.testng.reporters.JUnitReportReporter -->
<testsuite hostname="L-00008" name="ShoseWebsite.TestSignInUS" tests="2" failures="0" timestamp="12 Oct 2016 15:58:43 GMT" time="64.245" errors="0">
  <testcase name="testSignInWithBadInfo" time="14.556" classname="ShoseWebsite.TestSignInUS"/>
  <testcase name="testSignInWithCorrectInfo" time="49.689" classname="ShoseWebsite.TestSignInUS"/>
</testsuite> <!-- ShoseWebsite.TestSignInUS -->
