<?xml version="1.0" encoding="UTF-8"?>
<!-- Generated by org.testng.reporters.JUnitReportReporter -->
<testsuite hostname="L-00008" name="TestSuite.CheckoutSuite.FW1241" tests="1" failures="0" timestamp="20 Dec 2016 23:03:50 GMT" time="51.675" errors="0">
  <testcase name="testConfirmationPageDisplay" time="51.675" classname="TestSuite.CheckoutSuite.FW1241"/>
</testsuite> <!-- TestSuite.CheckoutSuite.FW1241 -->
