<?xml version="1.0" encoding="UTF-8"?>
<!-- Generated by org.testng.reporters.JUnitReportReporter -->
<testsuite hostname="L-00008" name="TestSuite.CheckoutSuite.FW1241" tests="1" failures="0" timestamp="14 Feb 2017 23:11:50 GMT" time="53.749" errors="0">
  <testcase name="testForgetPSDNaviToEditOrder" time="53.749" classname="TestSuite.CheckoutSuite.FW1241"/>
</testsuite> <!-- TestSuite.CheckoutSuite.FW1241 -->
