<?xml version="1.0" encoding="UTF-8"?>
<!-- Generated by org.testng.reporters.JUnitReportReporter -->
<testsuite hostname="L-00008" name="TestSuite.CheckoutSuite.FW1216" tests="1" failures="0" timestamp="14 Feb 2017 17:45:57 GMT" time="31.251" errors="0">
  <testcase name="checkEnterAddressVerification" time="31.251" classname="TestSuite.CheckoutSuite.FW1216"/>
</testsuite> <!-- TestSuite.CheckoutSuite.FW1216 -->
