<?xml version="1.0" encoding="UTF-8"?>
<!-- Generated by org.testng.reporters.JUnitReportReporter -->
<testsuite hostname="L-00008" name="TestSuite.CheckoutSuite.FW1223" tests="1" failures="0" timestamp="6 Dec 2016 19:15:22 GMT" time="61.743" errors="0">
  <testcase name="testAddNewCCForOrder" time="61.743" classname="TestSuite.CheckoutSuite.FW1223"/>
</testsuite> <!-- TestSuite.CheckoutSuite.FW1223 -->
