<?xml version="1.0" encoding="UTF-8"?>
<!-- Generated by org.testng.reporters.JUnitReportReporter -->
<testsuite hostname="L-00008" name="TestSuite.CheckoutSuite.FW1220" tests="1" failures="0" timestamp="14 Feb 2017 22:39:59 GMT" time="30.584" errors="0">
  <testcase name="checkChangeCountry" time="30.584" classname="TestSuite.CheckoutSuite.FW1220"/>
</testsuite> <!-- TestSuite.CheckoutSuite.FW1220 -->
