<?xml version="1.0" encoding="UTF-8"?>
<!-- Generated by org.testng.reporters.JUnitReportReporter -->
<testsuite hostname="L-00008" name="TestSuite.CheckoutSuite.FW1244" tests="1" failures="0" timestamp="14 Feb 2017 19:12:33 GMT" time="35.463" errors="0">
  <testcase name="testEnterShippingAddress4LoggedUser" time="35.463" classname="TestSuite.CheckoutSuite.FW1244"/>
</testsuite> <!-- TestSuite.CheckoutSuite.FW1244 -->
