<?xml version="1.0" encoding="UTF-8"?>
<!-- Generated by org.testng.reporters.JUnitReportReporter -->
<testsuite hostname="L-00008" name="TestSuite.CheckoutSuite.FW1221" tests="1" failures="0" timestamp="18 Jan 2017 23:31:31 GMT" time="28.824" errors="0">
  <testcase name="zipValidationUSanonymousCheckOut" time="28.824" classname="TestSuite.CheckoutSuite.FW1221"/>
</testsuite> <!-- TestSuite.CheckoutSuite.FW1221 -->
