<?xml version="1.0" encoding="UTF-8"?>
<!-- Generated by org.testng.reporters.JUnitReportReporter -->
<testsuite hostname="L-00008" name="TestSuite.CheckoutSuite.FW1215" tests="1" failures="0" timestamp="9 Dec 2016 18:21:31 GMT" time="27.530" errors="0">
  <testcase name="checkEnterAddressVerification" time="27.530" classname="TestSuite.CheckoutSuite.FW1215"/>
</testsuite> <!-- TestSuite.CheckoutSuite.FW1215 -->
