<?xml version="1.0" encoding="UTF-8"?>
<!-- Generated by org.testng.reporters.JUnitReportReporter -->
<testsuite hostname="L-00008" name="TestSuite.CheckoutSuite.FW1225" tests="1" failures="0" timestamp="14 Dec 2016 18:34:03 GMT" time="48.433" errors="0">
  <testcase name="testVerifyPrimaryShippingAddressOnCheckOutPage" time="48.433" classname="TestSuite.CheckoutSuite.FW1225"/>
</testsuite> <!-- TestSuite.CheckoutSuite.FW1225 -->
