<?xml version="1.0" encoding="UTF-8"?>
<!-- Generated by org.testng.reporters.JUnitReportReporter -->
<testsuite hostname="L-00008" name="TestSuite.CheckoutSuite.FW1240" tests="1" failures="0" timestamp="7 Dec 2016 00:02:32 GMT" time="32.396" errors="0">
  <testcase name="testEditOrder" time="32.396" classname="TestSuite.CheckoutSuite.FW1240"/>
</testsuite> <!-- TestSuite.CheckoutSuite.FW1240 -->
