<?xml version="1.0" encoding="UTF-8"?>
<!-- Generated by org.testng.reporters.JUnitReportReporter -->
<testsuite hostname="L-00008" name="TestSuite.CheckoutSuite.FW1880" tests="1" failures="0" timestamp="27 Feb 2017 17:27:35 GMT" time="30.642" errors="0">
  <testcase name="zipMaxLenthValidation" time="30.642" classname="TestSuite.CheckoutSuite.FW1880"/>
</testsuite> <!-- TestSuite.CheckoutSuite.FW1880 -->
