<?xml version="1.0" encoding="UTF-8"?>
<!-- Generated by org.testng.reporters.JUnitReportReporter -->
<testsuite hostname="L-00008" name="TestSuite.CheckoutSuite.FW1228" tests="1" failures="0" timestamp="15 Dec 2016 18:54:21 GMT" time="65.774" errors="0">
  <testcase name="checkTaxRateWhenChangeCountry" time="65.774" classname="TestSuite.CheckoutSuite.FW1228"/>
</testsuite> <!-- TestSuite.CheckoutSuite.FW1228 -->
