<?xml version="1.0" encoding="UTF-8"?>
<!-- Generated by org.testng.reporters.JUnitReportReporter -->
<testsuite hostname="L-00008" name="WCMS.TestNavToWCMSHomePage" tests="1" failures="0" timestamp="27 Oct 2016 22:50:12 GMT" time="20.541" errors="0">
  <testcase name="testSignInWithCorrectInfo" time="20.541" classname="WCMS.TestNavToWCMSHomePage"/>
</testsuite> <!-- WCMS.TestNavToWCMSHomePage -->
