<?xml version="1.0" encoding="UTF-8"?>
<!-- Generated by org.testng.reporters.JUnitReportReporter -->
<testsuite hostname="L-00008" name="TestSuite.CheckoutSuite.FW1207" tests="1" failures="0" timestamp="22 Feb 2017 23:18:11 GMT" time="22.704" errors="0">
  <testcase name="anonymousCheckOut" time="22.704" classname="TestSuite.CheckoutSuite.FW1207"/>
</testsuite> <!-- TestSuite.CheckoutSuite.FW1207 -->
