<?xml version="1.0" encoding="UTF-8"?>
<!-- Generated by org.testng.reporters.JUnitReportReporter -->
<testsuite hostname="L-00008" name="HMC.TestModifyProductQuantity" tests="1" failures="0" timestamp="18 Jan 2017 20:51:31 GMT" time="63.567" errors="0">
  <testcase name="testModifyProductQuantity" time="63.567" classname="HMC.TestModifyProductQuantity"/>
</testsuite> <!-- HMC.TestModifyProductQuantity -->
