<?xml version="1.0" encoding="UTF-8"?>
<!-- Generated by org.testng.reporters.JUnitReportReporter -->
<testsuite hostname="L-00008" name="TestSuite.CheckoutSuite.FW2103" tests="1" failures="0" timestamp="9 Jan 2017 19:25:52 GMT" time="63.271" errors="0">
  <testcase name="testVerifyPrimaryShippingAddressOnCheckOutPage" time="63.271" classname="TestSuite.CheckoutSuite.FW2103"/>
</testsuite> <!-- TestSuite.CheckoutSuite.FW2103 -->
