<?xml version="1.0" encoding="UTF-8"?>
<!-- Generated by org.testng.reporters.JUnitReportReporter -->
<testsuite hostname="L-00008" name="TestSuite.CheckoutSuite.FW1221" tests="1" failures="0" timestamp="14 Feb 2017 22:41:15 GMT" time="35.737" errors="0">
  <testcase name="testChangeItem2NotShippedCountry" time="35.737" classname="TestSuite.CheckoutSuite.FW1221"/>
</testsuite> <!-- TestSuite.CheckoutSuite.FW1221 -->
