<?xml version="1.0" encoding="UTF-8"?>
<!-- Generated by org.testng.reporters.JUnitReportReporter -->
<testsuite hostname="L-00008" name="TestSuite.CheckoutSuite.FW1815" tests="1" failures="0" timestamp="14 Feb 2017 23:16:12 GMT" time="21.855" errors="0">
  <testcase name="zipValidationCAanonymousCheckOut" time="21.855" classname="TestSuite.CheckoutSuite.FW1815"/>
</testsuite> <!-- TestSuite.CheckoutSuite.FW1815 -->
