<?xml version="1.0" encoding="UTF-8"?>
<!-- Generated by org.testng.reporters.JUnitReportReporter -->
<testsuite hostname="L-00008" name="TestSuite.CheckoutSuite.FW1210" tests="1" failures="0" timestamp="6 Mar 2017 18:19:43 GMT" time="96.896" errors="0">
  <testcase name="testVerifyCheckOutPageWhenNOTLogined" time="96.896" classname="TestSuite.CheckoutSuite.FW1210"/>
</testsuite> <!-- TestSuite.CheckoutSuite.FW1210 -->
