<?xml version="1.0" encoding="UTF-8"?>
<!-- Generated by org.testng.reporters.JUnitReportReporter -->
<testsuite hostname="L-00008" name="TestSuite.CheckoutSuite.FW1219" tests="1" failures="0" timestamp="14 Feb 2017 18:05:52 GMT" time="122.409" errors="0">
  <testcase name="testConfirmationPageDisplay" time="122.409" classname="TestSuite.CheckoutSuite.FW1219"/>
</testsuite> <!-- TestSuite.CheckoutSuite.FW1219 -->
