<?xml version="1.0" encoding="UTF-8"?>
<!-- Generated by org.testng.reporters.JUnitReportReporter -->
<testsuite hostname="L-00008" name="TestSuite.CheckoutSuite.FW1218" tests="1" failures="0" timestamp="13 Jan 2017 23:49:59 GMT" time="44.488" errors="0">
  <testcase name="checkDeleteOrder" time="44.488" classname="TestSuite.CheckoutSuite.FW1218"/>
</testsuite> <!-- TestSuite.CheckoutSuite.FW1218 -->
