<?xml version="1.0" encoding="UTF-8"?>
<!-- Generated by org.testng.reporters.JUnitReportReporter -->
<testsuite hostname="L-00008" name="TestSuite.CheckoutSuite.FW1226" tests="1" failures="0" timestamp="18 Jan 2017 21:15:11 GMT" time="18.796" errors="0">
  <testcase name="testReg_Discount_Final_Product" time="18.796" classname="TestSuite.CheckoutSuite.FW1226"/>
</testsuite> <!-- TestSuite.CheckoutSuite.FW1226 -->
