<?xml version="1.0" encoding="UTF-8"?>
<!-- Generated by org.testng.reporters.JUnitReportReporter -->
<testsuite hostname="L-00008" name="HybrisUI.TestNavToHomePage" tests="2" failures="0" timestamp="12 Oct 2016 22:45:57 GMT" time="46.541" errors="0">
  <testcase name="testSignInWithBadInfo" time="17.175" classname="HybrisUI.TestNavToHomePage"/>
  <testcase name="testSignInWithCorrectInfo" time="29.366" classname="HybrisUI.TestNavToHomePage"/>
</testsuite> <!-- HybrisUI.TestNavToHomePage -->
