<?xml version="1.0" encoding="UTF-8"?>
<!-- Generated by org.testng.reporters.JUnitReportReporter -->
<testsuite hostname="L-00008" name="TestSuite.CheckoutSuite.FW1887" tests="1" failures="0" timestamp="28 Feb 2017 17:23:27 GMT" time="31.560" errors="0">
  <testcase name="UKzipCodeValidation" time="31.560" classname="TestSuite.CheckoutSuite.FW1887"/>
</testsuite> <!-- TestSuite.CheckoutSuite.FW1887 -->
