<?xml version="1.0" encoding="UTF-8"?>
<!-- Generated by org.testng.reporters.JUnitReportReporter -->
<testsuite hostname="L-00008" name="TestSuite.CheckoutSuite.FW1238" tests="1" failures="0" timestamp="1 Dec 2016 21:57:00 GMT" time="25.559" errors="0">
  <testcase name="anonymousConfirmationPage" time="25.559" classname="TestSuite.CheckoutSuite.FW1238"/>
</testsuite> <!-- TestSuite.CheckoutSuite.FW1238 -->
