<?xml version="1.0" encoding="UTF-8"?>
<!-- Generated by org.testng.reporters.JUnitReportReporter -->
<testsuite hostname="L-00008" name="TestSuite.CheckoutSuite.FW1243" tests="1" failures="0" timestamp="7 Dec 2016 17:51:53 GMT" time="52.094" errors="0">
  <testcase name="testAddNewCCForOrder" time="52.094" classname="TestSuite.CheckoutSuite.FW1243"/>
</testsuite> <!-- TestSuite.CheckoutSuite.FW1243 -->
