<?xml version="1.0" encoding="UTF-8"?>
<!-- Generated by org.testng.reporters.JUnitReportReporter -->
<testsuite hostname="L-00008" name="TestSuite.CheckoutSuite.FW1212" tests="1" failures="0" timestamp="28 Dec 2016 18:49:25 GMT" time="37.321" errors="0">
  <testcase name="anonymousCheckOut" time="37.321" classname="TestSuite.CheckoutSuite.FW1212"/>
</testsuite> <!-- TestSuite.CheckoutSuite.FW1212 -->
