<?xml version="1.0" encoding="UTF-8"?>
<!-- Generated by org.testng.reporters.JUnitReportReporter -->
<testsuite hostname="L-00008" name="TestSuite.CheckoutSuite.FW1233" tests="1" failures="0" timestamp="2 Dec 2016 19:04:11 GMT" time="40.894" errors="0">
  <testcase name="testAddNewCCForOrder" time="40.894" classname="TestSuite.CheckoutSuite.FW1233"/>
</testsuite> <!-- TestSuite.CheckoutSuite.FW1233 -->
