<?xml version="1.0" encoding="UTF-8"?>
<!-- Generated by org.testng.reporters.JUnitReportReporter -->
<testsuite hostname="L-00008" name="TestSuite.CheckoutSuite.FW1211" tests="1" failures="0" timestamp="6 Dec 2016 17:34:24 GMT" time="42.243" errors="0">
  <testcase name="testAddNewCCForOrder" time="42.243" classname="TestSuite.CheckoutSuite.FW1211"/>
</testsuite> <!-- TestSuite.CheckoutSuite.FW1211 -->
