<?xml version="1.0" encoding="UTF-8"?>
<!-- Generated by org.testng.reporters.JUnitReportReporter -->
<testsuite hostname="L-00008" name="TestSuite.CheckoutSuite.FW1815" tests="1" failures="0" timestamp="11 Jan 2017 00:06:23 GMT" time="22.370" errors="0">
  <testcase name="zipValidationCAanonymousCheckOut" time="22.370" classname="TestSuite.CheckoutSuite.FW1815"/>
</testsuite> <!-- TestSuite.CheckoutSuite.FW1815 -->
