<?xml version="1.0" encoding="UTF-8"?>
<!-- Generated by org.testng.reporters.JUnitReportReporter -->
<testsuite hostname="L-00008" name="TestSuite.CheckoutSuite.FW2103" tests="1" failures="0" timestamp="14 Feb 2017 22:08:20 GMT" time="67.343" errors="0">
  <testcase name="testReDirectionsOnPage" time="67.343" classname="TestSuite.CheckoutSuite.FW2103"/>
</testsuite> <!-- TestSuite.CheckoutSuite.FW2103 -->
