<?xml version="1.0" encoding="UTF-8"?>
<!-- Generated by org.testng.reporters.JUnitReportReporter -->
<testsuite hostname="L-00008" name="TestSuite.CheckoutSuite.FW1218" tests="1" failures="0" timestamp="12 Dec 2016 19:41:14 GMT" time="38.478" errors="0">
  <testcase name="checkDeleteOrder" time="38.478" classname="TestSuite.CheckoutSuite.FW1218"/>
</testsuite> <!-- TestSuite.CheckoutSuite.FW1218 -->
