<?xml version="1.0" encoding="UTF-8"?>
<!-- Generated by org.testng.reporters.JUnitReportReporter -->
<testsuite hostname="L-00008" name="TestSuite.CheckoutSuite.FW1210" tests="1" failures="0" timestamp="14 Feb 2017 17:39:39 GMT" time="92.996" errors="0">
  <testcase name="testVerifyCheckOutPageWhenNOTLogined" time="92.996" classname="TestSuite.CheckoutSuite.FW1210"/>
</testsuite> <!-- TestSuite.CheckoutSuite.FW1210 -->
