<?xml version="1.0" encoding="UTF-8"?>
<!-- Generated by org.testng.reporters.JUnitReportReporter -->
<testsuite hostname="L-00008" name="WCMS.TestNavToWCMSHomePage" tests="1" failures="0" timestamp="15 Oct 2016 00:05:31 GMT" time="8.493" errors="0">
  <testcase name="testSignInWithCorrectInfo" time="8.493" classname="WCMS.TestNavToWCMSHomePage"/>
</testsuite> <!-- WCMS.TestNavToWCMSHomePage -->
