<?xml version="1.0" encoding="UTF-8"?>
<!-- Generated by org.testng.reporters.JUnitReportReporter -->
<testsuite hostname="L-00008" name="WCMS.TestNavToWCMSHomePage" tests="1" failures="0" timestamp="14 Oct 2016 23:46:24 GMT" time="8.291" errors="0">
  <testcase name="testSignInWithCorrectInfo" time="8.291" classname="WCMS.TestNavToWCMSHomePage"/>
</testsuite> <!-- WCMS.TestNavToWCMSHomePage -->
