<?xml version="1.0" encoding="UTF-8"?>
<!-- Generated by org.testng.reporters.JUnitReportReporter -->
<testsuite hostname="L-00008" name="TestSuite.CheckoutSuite.FW1210" tests="1" failures="0" timestamp="6 Dec 2016 17:12:47 GMT" time="91.111" errors="0">
  <testcase name="testAddNewCCForOrder" time="91.111" classname="TestSuite.CheckoutSuite.FW1210"/>
</testsuite> <!-- TestSuite.CheckoutSuite.FW1210 -->
