<?xml version="1.0" encoding="UTF-8"?>
<!-- Generated by org.testng.reporters.JUnitReportReporter -->
<testsuite hostname="L-00008" name="WCMS.TestNavToCanadaStagePage" tests="2" failures="0" timestamp="27 Oct 2016 23:39:09 GMT" time="17.855" errors="0">
  <testcase name="testSignInWithCorrectInfo" time="13.578" classname="WCMS.TestNavToCanadaStagePage"/>
  <testcase name="testSearchPage" time="4.277" classname="WCMS.TestNavToCanadaStagePage"/>
</testsuite> <!-- WCMS.TestNavToCanadaStagePage -->
