<?xml version="1.0" encoding="UTF-8"?>
<!-- Generated by org.testng.reporters.JUnitReportReporter -->
<testsuite hostname="L-00008" name="TestSuite.CheckoutSuite.FW1237" tests="1" failures="0" timestamp="3 Jan 2017 19:24:49 GMT" time="28.201" errors="0">
  <testcase name="testLoginOnCheckoutPage" time="28.201" classname="TestSuite.CheckoutSuite.FW1237"/>
</testsuite> <!-- TestSuite.CheckoutSuite.FW1237 -->
