<?xml version="1.0" encoding="UTF-8"?>
<!-- Generated by org.testng.reporters.JUnitReportReporter -->
<testsuite hostname="L-00008" name="TestSuite.TestMakeOrder" tests="1" failures="0" timestamp="19 Oct 2016 17:09:49 GMT" time="66.025" errors="0">
  <testcase name="testSignInWithCorrectInfo" time="66.025" classname="TestSuite.TestMakeOrder"/>
</testsuite> <!-- TestSuite.TestMakeOrder -->
