<?xml version="1.0" encoding="UTF-8"?>
<!-- Generated by org.testng.reporters.JUnitReportReporter -->
<testsuite hostname="L-00008" name="TestSuite.CheckoutSuite.FW1207" tests="1" failures="0" timestamp="5 Dec 2016 18:37:05 GMT" time="21.142" errors="0">
  <testcase name="anonymousCheckOut" time="21.142" classname="TestSuite.CheckoutSuite.FW1207"/>
</testsuite> <!-- TestSuite.CheckoutSuite.FW1207 -->
