<?xml version="1.0" encoding="UTF-8"?>
<!-- Generated by org.testng.reporters.JUnitReportReporter -->
<testsuite hostname="L-00008" name="TestSuite.TestMakeOrder" tests="1" failures="0" timestamp="18 Oct 2016 20:58:20 GMT" time="53.120" errors="0">
  <testcase name="testSignInWithCorrectInfo" time="53.120" classname="TestSuite.TestMakeOrder"/>
</testsuite> <!-- TestSuite.TestMakeOrder -->
