<?xml version="1.0" encoding="UTF-8"?>
<!-- Generated by org.testng.reporters.JUnitReportReporter -->
<testsuite hostname="L-00008" name="TestSuite.CheckoutSuite.FW1833" tests="1" failures="0" timestamp="14 Feb 2017 23:17:32 GMT" time="22.714" errors="0">
  <testcase name="zipValidationUSanonymousCheckOut" time="22.714" classname="TestSuite.CheckoutSuite.FW1833"/>
</testsuite> <!-- TestSuite.CheckoutSuite.FW1833 -->
