<?xml version="1.0" encoding="UTF-8"?>
<!-- Generated by org.testng.reporters.JUnitReportReporter -->
<testsuite hostname="L-00008" name="HMC.TestCheckOrder" tests="1" failures="0" timestamp="12 Oct 2016 23:44:34 GMT" time="10.396" errors="0">
  <testcase name="testCheckOrder" time="10.396" classname="HMC.TestCheckOrder"/>
</testsuite> <!-- HMC.TestCheckOrder -->
