<?xml version="1.0" encoding="UTF-8"?>
<!-- Generated by org.testng.reporters.JUnitReportReporter -->
<testsuite hostname="L-00008" name="TestSuite.CheckoutSuite.FW2369" tests="1" failures="0" timestamp="10 Jan 2017 20:55:07 GMT" time="84.878" errors="0">
  <testcase name="testTaxEstimation" time="84.878" classname="TestSuite.CheckoutSuite.FW2369"/>
</testsuite> <!-- TestSuite.CheckoutSuite.FW2369 -->
