<?xml version="1.0" encoding="UTF-8"?>
<!-- Generated by org.testng.reporters.JUnitReportReporter -->
<testsuite hostname="L-00008" name="TestSuite.CheckoutSuite.FW1244" tests="1" failures="0" timestamp="22 Dec 2016 19:06:57 GMT" time="32.585" errors="0">
  <testcase name="testEnterShippingAddress4LoggedUser" time="32.585" classname="TestSuite.CheckoutSuite.FW1244"/>
</testsuite> <!-- TestSuite.CheckoutSuite.FW1244 -->
