<?xml version="1.0" encoding="UTF-8"?>
<!-- Generated by org.testng.reporters.JUnitReportReporter -->
<testsuite hostname="L-00008" name="NetSuite.TestNavToNetSuiteHomePage" tests="1" failures="0" timestamp="27 Oct 2016 22:49:07 GMT" time="13.067" errors="0">
  <testcase name="testSignInWithCorrectInfo" time="13.067" classname="NetSuite.TestNavToNetSuiteHomePage"/>
</testsuite> <!-- NetSuite.TestNavToNetSuiteHomePage -->
