<?xml version="1.0" encoding="UTF-8"?>
<!-- Generated by org.testng.reporters.JUnitReportReporter -->
<testsuite hostname="L-00008" name="TestSuite.CheckoutSuite.FW2252" tests="1" failures="0" timestamp="17 Feb 2017 18:42:11 GMT" time="25.091" errors="0">
  <testcase name="testTaxEstimation" time="25.091" classname="TestSuite.CheckoutSuite.FW2252"/>
</testsuite> <!-- TestSuite.CheckoutSuite.FW2252 -->
